This is XeTeX, Version 3.14159265-2.6-0.99992 (TeX Live 2015/Debian) (preloaded format=xelatex 2018.2.9)  9 FEB 2018 18:56
entering extended mode
 restricted \write18 enabled.
 %&-line parsing enabled.
**abstractGR.tex
(./abstractGR.tex
LaTeX2e <2016/02/01>
Babel <3.9q> and hyphenation patterns for 9 language(s) loaded.
! Undefined control sequence.
l.1 \chapter
            *{\centering Abstract}
The control sequence at the end of the top line
of your error message was never \def'ed. If you have
misspelled it (e.g., `\hobx'), type `I' and the correct
spelling (e.g., `I\hbox'). Otherwise just continue,
and I'll forget about whatever was undefined.


! LaTeX Error: Missing \begin{document}.

See the LaTeX manual or LaTeX Companion for explanation.
Type  H <return>  for immediate help.
 ...                                              
                                                  
l.1 \chapter*
             {\centering Abstract}
You're in trouble here.  Try typing  <return>  to proceed.
If that doesn't work, type  X <return>  to quit.

Missing character: There is no * in font nullfont!
Missing character: There is no A in font nullfont!
Missing character: There is no b in font nullfont!
Missing character: There is no s in font nullfont!
Missing character: There is no t in font nullfont!
Missing character: There is no r in font nullfont!
Missing character: There is no a in font nullfont!
Missing character: There is no c in font nullfont!
Missing character: There is no t in font nullfont!
Missing character: There is no γ in font nullfont!
Missing character: There is no ρ in font nullfont!
Missing character: There is no ά in font nullfont!
Missing character: There is no φ in font nullfont!
Missing character: There is no ε in font nullfont!
Missing character: There is no ι in font nullfont!
Missing character: There is no ε in font nullfont!
Missing character: There is no λ in font nullfont!
Missing character: There is no λ in font nullfont!
Missing character: There is no η in font nullfont!
Missing character: There is no ν in font nullfont!
Missing character: There is no ι in font nullfont!
Missing character: There is no κ in font nullfont!
Missing character: There is no ά in font nullfont!
Missing character: There is no ; in font nullfont!
Missing character: There is no ; in font nullfont!
Missing character: There is no ; in font nullfont!
! Undefined control sequence.
l.5 \chapter
            *{\centering Abstract}
The control sequence at the end of the top line
of your error message was never \def'ed. If you have
misspelled it (e.g., `\hobx'), type `I' and the correct
spelling (e.g., `I\hbox'). Otherwise just continue,
and I'll forget about whatever was undefined.

Missing character: There is no * in font nullfont!
Missing character: There is no A in font nullfont!
Missing character: There is no b in font nullfont!
Missing character: There is no s in font nullfont!
Missing character: There is no t in font nullfont!
Missing character: There is no r in font nullfont!
Missing character: There is no a in font nullfont!
Missing character: There is no c in font nullfont!
Missing character: There is no t in font nullfont!

Overfull \hbox (20.0pt too wide) in paragraph at lines 1--8
[]
 []

)
! Emergency stop.
<*> abstractGR.tex
                  
*** (job aborted, no legal \end found)

 
Here is how much of TeX's memory you used:
 4 strings out of 495506
 54 string characters out of 6184883
 46023 words of memory out of 5000000
 3390 multiletter control sequences out of 15000+600000
 3640 words of font info for 14 fonts, out of 8000000 for 9000
 36 hyphenation exceptions out of 8191
 5i,0n,4p,67b,17s stack positions out of 5000i,500n,10000p,200000b,80000s
No pages of output.
