\BOOKMARK [0][-]{chapter*.4}{ }{}% 1
\BOOKMARK [0][-]{chapter*.5}{ }{}% 2
\BOOKMARK [0][-]{chapter.1}{}{}% 3
\BOOKMARK [1][-]{section.1.1}{ \040 \265 \265}{chapter.1}% 4
\BOOKMARK [1][-]{section.1.2}{\265 \265 \040 \265}{chapter.1}% 5
\BOOKMARK [1][-]{section.1.3}{ \040\265 Cityscapes }{chapter.1}% 6
\BOOKMARK [2][-]{subsection.1.3.1}{ \265}{section.1.3}% 7
\BOOKMARK [1][-]{section.1.4}{ \265 }{chapter.1}% 8
\BOOKMARK [2][-]{subsection.1.4.1}{ \265}{section.1.4}% 9
\BOOKMARK [2][-]{subsection.1.4.2}{ \040\265}{section.1.4}% 10
\BOOKMARK [2][-]{subsection.1.4.3}{\265 \040\265}{section.1.4}% 11
\BOOKMARK [1][-]{section.1.5}{ }{chapter.1}% 12
\BOOKMARK [0][-]{chapter.2}{ \040 \040}{}% 13
\BOOKMARK [1][-]{section.2.1}{ }{chapter.2}% 14
\BOOKMARK [1][-]{section.2.2}{ \040 \(CNN\)}{chapter.2}% 15
\BOOKMARK [1][-]{section.2.3}{ \040 }{chapter.2}% 16
\BOOKMARK [1][-]{section.2.4}{\265 }{chapter.2}% 17
\BOOKMARK [1][-]{section.2.5}{\265 \265}{chapter.2}% 18
\BOOKMARK [0][-]{chapter.3}{}{}% 19
\BOOKMARK [1][-]{section.3.1}{}{chapter.3}% 20
\BOOKMARK [1][-]{section.3.2}{ }{chapter.3}% 21
\BOOKMARK [1][-]{section.3.3}{\265 \265}{chapter.3}% 22
\BOOKMARK [2][-]{subsection.3.3.1}{\265}{section.3.3}% 23
\BOOKMARK [2][-]{subsection.3.3.2}{ }{section.3.3}% 24
\BOOKMARK [2][-]{subsection.3.3.3}{ \040}{section.3.3}% 25
\BOOKMARK [2][-]{subsection.3.3.4}{ }{section.3.3}% 26
\BOOKMARK [2][-]{subsection.3.3.5}{ }{section.3.3}% 27
\BOOKMARK [2][-]{subsection.3.3.6}{ \040 }{section.3.3}% 28
\BOOKMARK [2][-]{subsection.3.3.7}{ }{section.3.3}% 29
\BOOKMARK [2][-]{subsection.3.3.8}{\265 }{section.3.3}% 30
\BOOKMARK [0][-]{chapter.4}{ -}{}% 31
\BOOKMARK [1][-]{section.4.1}{}{chapter.4}% 32
\BOOKMARK [1][-]{section.4.2}{ }{chapter.4}% 33
\BOOKMARK [1][-]{section.4.3}{ \040 \040\(CRF\)}{chapter.4}% 34
\BOOKMARK [2][-]{subsection.4.3.1}{ \265}{section.4.3}% 35
\BOOKMARK [2][-]{subsection.4.3.2}{}{section.4.3}% 36
\BOOKMARK [2][-]{subsection.4.3.3}{\265 \265}{section.4.3}% 37
\BOOKMARK [2][-]{subsection.4.3.4}{\265 \040}{section.4.3}% 38
\BOOKMARK [2][-]{subsection.4.3.5}{\265\265 \265\337}{section.4.3}% 39
\BOOKMARK [2][-]{subsection.4.3.6}{}{section.4.3}% 40
\BOOKMARK [2][-]{subsection.4.3.7}{ \040 \040 \265\337\265 \040 \(CRF as RNN\)}{section.4.3}% 41
\BOOKMARK [0][-]{chapter.5}{\265 \040\265}{}% 42
\BOOKMARK [1][-]{section.5.1}{ \040 }{chapter.5}% 43
\BOOKMARK [2][-]{subsection.5.1.1}{\265 \040\(Checkpoints\)}{section.5.1}% 44
\BOOKMARK [2][-]{subsection.5.1.2}{\265 \265\265 \(Early Stopping\)}{section.5.1}% 45
\BOOKMARK [2][-]{subsection.5.1.3}{\265 }{section.5.1}% 46
\BOOKMARK [1][-]{section.5.2}{\265}{chapter.5}% 47
\BOOKMARK [0][-]{chapter.6}{\265\265 \040 }{}% 48
\BOOKMARK [1][-]{section.6.1}{\265\265}{chapter.6}% 49
\BOOKMARK [1][-]{section.6.2}{ }{chapter.6}% 50
\BOOKMARK [0][-]{chapter*.58}{\337}{}% 51
